<?xml version="1.0" encoding="UTF-8"?>
<testng-results ignored="0" total="1" passed="1" failed="0" skipped="0">
  <reporter-output>
  </reporter-output>
  <suite started-at="2019-06-10T08:55:20Z" name="Default suite" finished-at="2019-06-10T08:55:51Z" duration-ms="31682">
    <groups>
    </groups>
    <test started-at="2019-06-10T08:55:20Z" name="Default test" finished-at="2019-06-10T08:55:51Z" duration-ms="31682">
      <class name="SecurePayTest.tests.SecurePayContactUsTest">
        <test-method is-config="true" signature="setUp()[pri:0, instance:SecurePayTest.tests.SecurePayContactUsTest@5ad851c9]" started-at="2019-06-10T08:55:20Z" name="setUp" finished-at="2019-06-10T08:55:20Z" duration-ms="28" status="PASS">
          <reporter-output>
          </reporter-output>
        </test-method> <!-- setUp -->
        <test-method is-config="true" signature="startBrowser()[pri:0, instance:SecurePayTest.tests.SecurePayContactUsTest@5ad851c9]" started-at="2019-06-10T08:55:20Z" name="startBrowser" finished-at="2019-06-10T08:55:29Z" duration-ms="8731" status="PASS">
          <reporter-output>
          </reporter-output>
        </test-method> <!-- startBrowser -->
        <test-method signature="contactUsTest()[pri:0, instance:SecurePayTest.tests.SecurePayContactUsTest@5ad851c9]" started-at="2019-06-10T08:55:29Z" name="contactUsTest" finished-at="2019-06-10T08:55:51Z" duration-ms="22039" status="PASS">
          <reporter-output>
          </reporter-output>
        </test-method> <!-- contactUsTest -->
        <test-method is-config="true" signature="tearDown()[pri:0, instance:SecurePayTest.tests.SecurePayContactUsTest@5ad851c9]" started-at="2019-06-10T08:55:51Z" name="tearDown" finished-at="2019-06-10T08:55:51Z" duration-ms="813" status="PASS">
          <reporter-output>
          </reporter-output>
        </test-method> <!-- tearDown -->
      </class> <!-- SecurePayTest.tests.SecurePayContactUsTest -->
    </test> <!-- Default test -->
  </suite> <!-- Default suite -->
</testng-results>
